<?xml version="1.0" encoding="UTF-8"?>
<!-- Generated by org.testng.reporters.JUnitXMLReporter -->
<testsuite ignored="3" hostname="MadhusPC" failures="0" tests="1" name="Onlypriority1Test" time="10.135" errors="0" timestamp="2025-09-04T22:07:51 IST">
  <testcase classname="Test.logintest1testng" name="testLogin" time="8.129"/>
  <testcase classname="Test.logintest1testng" name="testSearch" time="0.0">
    <ignored/>
  </testcase> <!-- testSearch -->
  <testcase classname="Test.logintest1testng" name="testNewUser" time="0.0">
    <ignored/>
  </testcase> <!-- testNewUser -->
  <testcase classname="Test.logintest1testng" name="testApplyLeave" time="0.0">
    <ignored/>
  </testcase> <!-- testApplyLeave -->
</testsuite> <!-- Onlypriority1Test -->
