<?xml version="1.0" encoding="UTF-8"?>
<!-- Generated by org.testng.reporters.JUnitXMLReporter -->
<testsuite ignored="0" hostname="MadhusPC" failures="0" tests="4" name="Test" time="53.109" errors="0" timestamp="2025-09-04T21:55:16 IST">
  <testcase classname="Test.logintest1testng" name="testLogin" time="19.526"/>
  <testcase classname="Test.logintest1testng" name="testNewUser" time="11.843"/>
  <testcase classname="Test.logintest1testng" name="testSearch" time="13.058"/>
  <testcase classname="Test.logintest1testng" name="testApplyLeave" time="6.619"/>
</testsuite> <!-- Test -->
